2023-12-29 11:28:28.659 INFO [main] io.chou401.user.UserApplication         :55 [][] Starting UserApplication using Java 1.8.0_371 on ChouChou-2.local with PID 49373 (/Users/chouchou/development/owner/chou401-boot/user/build/classes/java/main started by chouchou in /Users/chouchou/development/owner/chou401-boot)
2023-12-29 11:28:28.660 INFO [background-preinit] o.h.validator.internal.util.Version     :21 [][] HV000001: Hibernate Validator 6.2.5.Final
2023-12-29 11:28:28.661 INFO [main] io.chou401.user.UserApplication         :638 [][] The following 1 profile is active: "dev"
2023-12-29 11:28:29.651 INFO [main] .s.d.r.c.RepositoryConfigurationDelegate:262 [][] Multiple Spring Data modules found, entering strict repository configuration mode
2023-12-29 11:28:29.654 INFO [main] .s.d.r.c.RepositoryConfigurationDelegate:132 [][] Bootstrapping Spring Data Redis repositories in DEFAULT mode.
2023-12-29 11:28:29.679 INFO [main] .s.d.r.c.RepositoryConfigurationDelegate:201 [][] Finished Spring Data repository scanning in 14 ms. Found 0 Redis repository interfaces.
2023-12-29 11:28:30.580 INFO [main] o.s.b.w.embedded.tomcat.TomcatWebServer :108 [][] Tomcat initialized with port(s): 8093 (http)
2023-12-29 11:28:30.585 INFO [main] o.a.coyote.http11.Http11NioProtocol     :173 [][] Initializing ProtocolHandler ["http-nio-8093"]
2023-12-29 11:28:30.586 INFO [main] o.apache.catalina.core.StandardService  :173 [][] Starting service [Tomcat]
2023-12-29 11:28:30.586 INFO [main] org.apache.catalina.core.StandardEngine :173 [][] Starting Servlet engine: [Apache Tomcat/9.0.83]
2023-12-29 11:28:30.770 INFO [main] o.a.c.c.C.[Tomcat].[localhost].[/api]   :173 [][] Initializing Spring embedded WebApplicationContext
2023-12-29 11:28:30.771 INFO [main] w.s.c.ServletWebServerApplicationContext:292 [][] Root WebApplicationContext: initialization completed in 2024 ms
2023-12-29 11:28:30.906 INFO [main] o.s.boot.web.servlet.RegistrationBean   :50 [][] Filter xssFilter was not registered (disabled)
2023-12-29 11:28:31.577 INFO [main] i.c.f.redis.CustomStringRedisSerializer :19 [][] redisKeyPrefix:boot
2023-12-29 11:28:31.713 INFO [main] i.c.f.s.impl.LoginRedisAppServiceImpl   :39 [][] loginAppProperties = LoginAppProperties(enable=true, singleLogin=false, tokenExpireDays=30, loginPermission=false, includePaths=[/app/**])
2023-12-29 11:28:31.716 INFO [main] i.c.f.s.impl.LoginRedisServiceImpl      :39 [][] loginAdminProperties = LoginAdminProperties(enable=true, singleLogin=false, tokenExpireMinutes=60, loginPermission=false, includePaths=[/admin/**], excludePaths=[/admin/login])
2023-12-29 11:28:31.718ERROR [main] io.chou401.framework.utils.IpRegionUtil :49 [][] 加载ip2region.xdb异常
2023-12-29 11:28:31.723 INFO [main] io.chou401.framework.utils.api.WxMpApi  :27 [][] wxMpProperties:WxMpProperties(appid=, secret=)
2023-12-29 11:28:31.735 INFO [main] i.c.framework.config.MybatisPlusConfig  :54 [][] merchantLineProperties:MerchantLineProperties(merchantIdColumn=merchant_id, includeTables=[demo_product])
2023-12-29 11:28:32.930 INFO [main] o.a.coyote.http11.Http11NioProtocol     :173 [][] Starting ProtocolHandler ["http-nio-8093"]
2023-12-29 11:28:32.958 INFO [main] o.s.b.w.embedded.tomcat.TomcatWebServer :220 [][] Tomcat started on port(s): 8093 (http) with context path '/api'
2023-12-29 11:28:32.973 INFO [main] io.chou401.user.UserApplication         :61 [][] Started UserApplication in 4.839 seconds (JVM running for 5.768)
2023-12-29 11:28:33.482 INFO [main] io.chou401.framework.runner.YitIdRunner :26 [][] YitId配置初始化完成，workerId：0
2023-12-29 11:28:46.703 INFO [http-nio-8093-exec-1] o.a.c.c.C.[Tomcat].[localhost].[/api]   :173 [][] Initializing Spring DispatcherServlet 'dispatcherServlet'
2023-12-29 11:28:46.705 INFO [http-nio-8093-exec-1] o.s.web.servlet.DispatcherServlet       :525 [][] Initializing Servlet 'dispatcherServlet'
2023-12-29 11:28:46.710 INFO [http-nio-8093-exec-1] o.s.web.servlet.DispatcherServlet       :547 [][] Completed initialization in 5 ms
2023-12-29 11:28:47.394 INFO [http-nio-8093-exec-19] o.springdoc.api.AbstractOpenApiResource :367 [498418176294917][10.251.11.55] Init duration for springdoc-openapi is: 295 ms
2023-12-29 11:28:49.989 INFO [http-nio-8093-exec-20] o.springdoc.api.AbstractOpenApiResource :367 [498418186121221][10.251.11.55] Init duration for springdoc-openapi is: 487 ms
2023-12-29 11:29:20.132ERROR [http-nio-8093-exec-21] i.c.f.exception.GlobalExceptionHandler  :72 [498418311036933][127.0.0.1] exception:

io.chou401.framework.exception.LoginTokenException: 请登录后再操作
	at io.chou401.framework.interceptor.login.LoginInterceptor.preHandleMethod(LoginInterceptor.java:52)
	at io.chou401.framework.interceptor.BaseExcludeMethodInterceptor.preHandle(BaseExcludeMethodInterceptor.java:24)
	at org.springframework.web.servlet.HandlerExecutionChain.applyPreHandle(HandlerExecutionChain.java:148)
	at org.springframework.web.servlet.DispatcherServlet.doDispatch(DispatcherServlet.java:1067)
	at org.springframework.web.servlet.DispatcherServlet.doService(DispatcherServlet.java:965)
	at org.springframework.web.servlet.FrameworkServlet.processRequest(FrameworkServlet.java:1006)
	at org.springframework.web.servlet.FrameworkServlet.doPost(FrameworkServlet.java:909)
	at jakarta.servlet.http.HttpServlet.service(HttpServlet.java:555)
	at org.springframework.web.servlet.FrameworkServlet.service(FrameworkServlet.java:883)
	at jakarta.servlet.http.HttpServlet.service(HttpServlet.java:623)
	at org.apache.catalina.core.ApplicationFilterChain.internalDoFilter(ApplicationFilterChain.java:209)
	at org.apache.catalina.core.ApplicationFilterChain.doFilter(ApplicationFilterChain.java:153)
	at org.apache.tomcat.websocket.server.WsFilter.doFilter(WsFilter.java:51)
	at org.apache.catalina.core.ApplicationFilterChain.internalDoFilter(ApplicationFilterChain.java:178)
	at org.apache.catalina.core.ApplicationFilterChain.doFilter(ApplicationFilterChain.java:153)
	at org.springframework.web.filter.CorsFilter.doFilterInternal(CorsFilter.java:91)
	at org.springframework.web.filter.OncePerRequestFilter.doFilter(OncePerRequestFilter.java:117)
	at org.apache.catalina.core.ApplicationFilterChain.internalDoFilter(ApplicationFilterChain.java:178)
	at org.apache.catalina.core.ApplicationFilterChain.doFilter(ApplicationFilterChain.java:153)
	at io.chou401.framework.filter.JsonRequestBodyFilter.doFilter(JsonRequestBodyFilter.java:44)
	at org.apache.catalina.core.ApplicationFilterChain.internalDoFilter(ApplicationFilterChain.java:178)
	at org.apache.catalina.core.ApplicationFilterChain.doFilter(ApplicationFilterChain.java:153)
	at io.chou401.framework.filter.TraceIdLogFilter.doFilter(TraceIdLogFilter.java:34)
	at org.apache.catalina.core.ApplicationFilterChain.internalDoFilter(ApplicationFilterChain.java:178)
	at org.apache.catalina.core.ApplicationFilterChain.doFilter(ApplicationFilterChain.java:153)
	at org.springframework.web.filter.RequestContextFilter.doFilterInternal(RequestContextFilter.java:100)
	at org.springframework.web.filter.OncePerRequestFilter.doFilter(OncePerRequestFilter.java:117)
	at org.apache.catalina.core.ApplicationFilterChain.internalDoFilter(ApplicationFilterChain.java:178)
	at org.apache.catalina.core.ApplicationFilterChain.doFilter(ApplicationFilterChain.java:153)
	at org.springframework.web.filter.FormContentFilter.doFilterInternal(FormContentFilter.java:93)
	at org.springframework.web.filter.OncePerRequestFilter.doFilter(OncePerRequestFilter.java:117)
	at org.apache.catalina.core.ApplicationFilterChain.internalDoFilter(ApplicationFilterChain.java:178)
	at org.apache.catalina.core.ApplicationFilterChain.doFilter(ApplicationFilterChain.java:153)
	at org.springframework.web.filter.CharacterEncodingFilter.doFilterInternal(CharacterEncodingFilter.java:201)
	at org.springframework.web.filter.OncePerRequestFilter.doFilter(OncePerRequestFilter.java:117)
	at org.apache.catalina.core.ApplicationFilterChain.internalDoFilter(ApplicationFilterChain.java:178)
	at org.apache.catalina.core.ApplicationFilterChain.doFilter(ApplicationFilterChain.java:153)
	at org.apache.catalina.core.StandardWrapperValve.invoke(StandardWrapperValve.java:168)
	at org.apache.catalina.core.StandardContextValve.invoke(StandardContextValve.java:90)
	at org.apache.catalina.authenticator.AuthenticatorBase.invoke(AuthenticatorBase.java:481)
	at org.apache.catalina.core.StandardHostValve.invoke(StandardHostValve.java:130)
	at org.apache.catalina.valves.ErrorReportValve.invoke(ErrorReportValve.java:93)
	at org.apache.catalina.core.StandardEngineValve.invoke(StandardEngineValve.java:74)
	at org.apache.catalina.connector.CoyoteAdapter.service(CoyoteAdapter.java:342)
	at org.apache.coyote.http11.Http11Processor.service(Http11Processor.java:390)
	at org.apache.coyote.AbstractProcessorLight.process(AbstractProcessorLight.java:63)
	at org.apache.coyote.AbstractProtocol$ConnectionHandler.process(AbstractProtocol.java:928)
	at org.apache.tomcat.util.net.NioEndpoint$SocketProcessor.doRun(NioEndpoint.java:1794)
	at org.apache.tomcat.util.net.SocketProcessorBase.run(SocketProcessorBase.java:52)
	at org.apache.tomcat.util.threads.ThreadPoolExecutor.runWorker(ThreadPoolExecutor.java:1191)
	at org.apache.tomcat.util.threads.ThreadPoolExecutor$Worker.run(ThreadPoolExecutor.java:659)
	at org.apache.tomcat.util.threads.TaskThread$WrappingRunnable.run(TaskThread.java:61)
	at java.lang.Thread.run(Thread.java:750)

2023-12-29 13:56:27.160 INFO [main] io.chou401.user.UserApplication         :55 [][] Starting UserApplication using Java 1.8.0_371 on ChouChou-2.local with PID 75358 (/Users/chouchou/development/owner/chou401-boot/user/build/classes/java/main started by chouchou in /Users/chouchou/development/owner/chou401-boot)
2023-12-29 13:56:27.161 INFO [main] io.chou401.user.UserApplication         :638 [][] The following 1 profile is active: "dev"
2023-12-29 13:56:27.161 INFO [background-preinit] o.h.validator.internal.util.Version     :21 [][] HV000001: Hibernate Validator 6.2.5.Final
2023-12-29 13:56:28.120 INFO [main] .s.d.r.c.RepositoryConfigurationDelegate:262 [][] Multiple Spring Data modules found, entering strict repository configuration mode
2023-12-29 13:56:28.123 INFO [main] .s.d.r.c.RepositoryConfigurationDelegate:132 [][] Bootstrapping Spring Data Redis repositories in DEFAULT mode.
2023-12-29 13:56:28.144 INFO [main] .s.d.r.c.RepositoryConfigurationDelegate:201 [][] Finished Spring Data repository scanning in 11 ms. Found 0 Redis repository interfaces.
2023-12-29 13:56:28.977 INFO [main] o.s.b.w.embedded.tomcat.TomcatWebServer :108 [][] Tomcat initialized with port(s): 8093 (http)
2023-12-29 13:56:28.981 INFO [main] o.a.coyote.http11.Http11NioProtocol     :173 [][] Initializing ProtocolHandler ["http-nio-8093"]
2023-12-29 13:56:28.982 INFO [main] o.apache.catalina.core.StandardService  :173 [][] Starting service [Tomcat]
2023-12-29 13:56:28.982 INFO [main] org.apache.catalina.core.StandardEngine :173 [][] Starting Servlet engine: [Apache Tomcat/9.0.83]
2023-12-29 13:56:29.116 INFO [main] o.a.c.c.C.[Tomcat].[localhost].[/api]   :173 [][] Initializing Spring embedded WebApplicationContext
2023-12-29 13:56:29.116 INFO [main] w.s.c.ServletWebServerApplicationContext:292 [][] Root WebApplicationContext: initialization completed in 1873 ms
2023-12-29 13:56:29.243 INFO [main] o.s.boot.web.servlet.RegistrationBean   :50 [][] Filter xssFilter was not registered (disabled)
2023-12-29 13:56:29.961 INFO [main] i.c.f.redis.CustomStringRedisSerializer :19 [][] redisKeyPrefix:boot
2023-12-29 13:56:30.102 INFO [main] i.c.f.s.impl.LoginRedisAppServiceImpl   :39 [][] loginAppProperties = LoginAppProperties(enable=true, singleLogin=false, tokenExpireDays=30, loginPermission=false, includePaths=[/app/**])
2023-12-29 13:56:30.124 INFO [main] i.c.f.s.impl.LoginRedisServiceImpl      :39 [][] loginAdminProperties = LoginAdminProperties(enable=true, singleLogin=false, tokenExpireMinutes=60, loginPermission=false, includePaths=[/admin/**], excludePaths=[/admin/login])
2023-12-29 13:56:30.128ERROR [main] io.chou401.framework.utils.IpRegionUtil :49 [][] 加载ip2region.xdb异常
2023-12-29 13:56:30.131 INFO [main] io.chou401.framework.utils.api.WxMpApi  :27 [][] wxMpProperties:WxMpProperties(appid=, secret=)
2023-12-29 13:56:30.142 INFO [main] i.c.framework.config.MybatisPlusConfig  :54 [][] merchantLineProperties:MerchantLineProperties(merchantIdColumn=merchant_id, includeTables=[demo_product])
2023-12-29 13:56:31.196 INFO [main] o.a.coyote.http11.Http11NioProtocol     :173 [][] Starting ProtocolHandler ["http-nio-8093"]
2023-12-29 13:56:31.222 INFO [main] o.s.b.w.embedded.tomcat.TomcatWebServer :220 [][] Tomcat started on port(s): 8093 (http) with context path '/api'
2023-12-29 13:56:31.249 INFO [main] io.chou401.user.UserApplication         :61 [][] Started UserApplication in 4.591 seconds (JVM running for 5.293)
2023-12-29 13:56:31.758 INFO [main] io.chou401.framework.runner.YitIdRunner :26 [][] YitId配置初始化完成，workerId：0
2023-12-29 13:56:34.815 INFO [http-nio-8093-exec-1] o.a.c.c.C.[Tomcat].[localhost].[/api]   :173 [][] Initializing Spring DispatcherServlet 'dispatcherServlet'
2023-12-29 13:56:34.816 INFO [http-nio-8093-exec-1] o.s.web.servlet.DispatcherServlet       :525 [][] Initializing Servlet 'dispatcherServlet'
2023-12-29 13:56:34.821 INFO [http-nio-8093-exec-1] o.s.web.servlet.DispatcherServlet       :547 [][] Completed initialization in 4 ms
2023-12-29 13:56:35.224 INFO [http-nio-8093-exec-2] o.springdoc.api.AbstractOpenApiResource :367 [498454499000325][10.252.101.17] Init duration for springdoc-openapi is: 294 ms
2023-12-29 13:57:32.755 INFO [http-nio-8093-exec-3] o.springdoc.api.AbstractOpenApiResource :367 [498454733185029][10.252.101.17] Init duration for springdoc-openapi is: 622 ms
2023-12-29 13:57:41.794ERROR [http-nio-8093-exec-5] i.c.f.exception.GlobalExceptionHandler  :72 [498454772817925][10.252.101.17] exception:

io.chou401.framework.exception.LoginTokenException: 请登录后再操作
	at io.chou401.framework.interceptor.login.LoginInterceptor.preHandleMethod(LoginInterceptor.java:52)
	at io.chou401.framework.interceptor.BaseExcludeMethodInterceptor.preHandle(BaseExcludeMethodInterceptor.java:24)
	at org.springframework.web.servlet.HandlerExecutionChain.applyPreHandle(HandlerExecutionChain.java:148)
	at org.springframework.web.servlet.DispatcherServlet.doDispatch(DispatcherServlet.java:1067)
	at org.springframework.web.servlet.DispatcherServlet.doService(DispatcherServlet.java:965)
	at org.springframework.web.servlet.FrameworkServlet.processRequest(FrameworkServlet.java:1006)
	at org.springframework.web.servlet.FrameworkServlet.doPost(FrameworkServlet.java:909)
	at jakarta.servlet.http.HttpServlet.service(HttpServlet.java:555)
	at org.springframework.web.servlet.FrameworkServlet.service(FrameworkServlet.java:883)
	at jakarta.servlet.http.HttpServlet.service(HttpServlet.java:623)
	at org.apache.catalina.core.ApplicationFilterChain.internalDoFilter(ApplicationFilterChain.java:209)
	at org.apache.catalina.core.ApplicationFilterChain.doFilter(ApplicationFilterChain.java:153)
	at org.apache.tomcat.websocket.server.WsFilter.doFilter(WsFilter.java:51)
	at org.apache.catalina.core.ApplicationFilterChain.internalDoFilter(ApplicationFilterChain.java:178)
	at org.apache.catalina.core.ApplicationFilterChain.doFilter(ApplicationFilterChain.java:153)
	at org.springframework.web.filter.CorsFilter.doFilterInternal(CorsFilter.java:91)
	at org.springframework.web.filter.OncePerRequestFilter.doFilter(OncePerRequestFilter.java:117)
	at org.apache.catalina.core.ApplicationFilterChain.internalDoFilter(ApplicationFilterChain.java:178)
	at org.apache.catalina.core.ApplicationFilterChain.doFilter(ApplicationFilterChain.java:153)
	at io.chou401.framework.filter.JsonRequestBodyFilter.doFilter(JsonRequestBodyFilter.java:44)
	at org.apache.catalina.core.ApplicationFilterChain.internalDoFilter(ApplicationFilterChain.java:178)
	at org.apache.catalina.core.ApplicationFilterChain.doFilter(ApplicationFilterChain.java:153)
	at io.chou401.framework.filter.TraceIdLogFilter.doFilter(TraceIdLogFilter.java:34)
	at org.apache.catalina.core.ApplicationFilterChain.internalDoFilter(ApplicationFilterChain.java:178)
	at org.apache.catalina.core.ApplicationFilterChain.doFilter(ApplicationFilterChain.java:153)
	at org.springframework.web.filter.RequestContextFilter.doFilterInternal(RequestContextFilter.java:100)
	at org.springframework.web.filter.OncePerRequestFilter.doFilter(OncePerRequestFilter.java:117)
	at org.apache.catalina.core.ApplicationFilterChain.internalDoFilter(ApplicationFilterChain.java:178)
	at org.apache.catalina.core.ApplicationFilterChain.doFilter(ApplicationFilterChain.java:153)
	at org.springframework.web.filter.FormContentFilter.doFilterInternal(FormContentFilter.java:93)
	at org.springframework.web.filter.OncePerRequestFilter.doFilter(OncePerRequestFilter.java:117)
	at org.apache.catalina.core.ApplicationFilterChain.internalDoFilter(ApplicationFilterChain.java:178)
	at org.apache.catalina.core.ApplicationFilterChain.doFilter(ApplicationFilterChain.java:153)
	at org.springframework.web.filter.CharacterEncodingFilter.doFilterInternal(CharacterEncodingFilter.java:201)
	at org.springframework.web.filter.OncePerRequestFilter.doFilter(OncePerRequestFilter.java:117)
	at org.apache.catalina.core.ApplicationFilterChain.internalDoFilter(ApplicationFilterChain.java:178)
	at org.apache.catalina.core.ApplicationFilterChain.doFilter(ApplicationFilterChain.java:153)
	at org.apache.catalina.core.StandardWrapperValve.invoke(StandardWrapperValve.java:168)
	at org.apache.catalina.core.StandardContextValve.invoke(StandardContextValve.java:90)
	at org.apache.catalina.authenticator.AuthenticatorBase.invoke(AuthenticatorBase.java:481)
	at org.apache.catalina.core.StandardHostValve.invoke(StandardHostValve.java:130)
	at org.apache.catalina.valves.ErrorReportValve.invoke(ErrorReportValve.java:93)
	at org.apache.catalina.core.StandardEngineValve.invoke(StandardEngineValve.java:74)
	at org.apache.catalina.connector.CoyoteAdapter.service(CoyoteAdapter.java:342)
	at org.apache.coyote.http11.Http11Processor.service(Http11Processor.java:390)
	at org.apache.coyote.AbstractProcessorLight.process(AbstractProcessorLight.java:63)
	at org.apache.coyote.AbstractProtocol$ConnectionHandler.process(AbstractProtocol.java:928)
	at org.apache.tomcat.util.net.NioEndpoint$SocketProcessor.doRun(NioEndpoint.java:1794)
	at org.apache.tomcat.util.net.SocketProcessorBase.run(SocketProcessorBase.java:52)
	at org.apache.tomcat.util.threads.ThreadPoolExecutor.runWorker(ThreadPoolExecutor.java:1191)
	at org.apache.tomcat.util.threads.ThreadPoolExecutor$Worker.run(ThreadPoolExecutor.java:659)
	at org.apache.tomcat.util.threads.TaskThread$WrappingRunnable.run(TaskThread.java:61)
	at java.lang.Thread.run(Thread.java:750)

2023-12-29 14:00:51.996 INFO [main] io.chou401.user.UserApplication         :55 [][] Starting UserApplication using Java 1.8.0_371 on ChouChou-2.local with PID 76223 (/Users/chouchou/development/owner/chou401-boot/user/build/classes/java/main started by chouchou in /Users/chouchou/development/owner/chou401-boot)
2023-12-29 14:00:51.995 INFO [background-preinit] o.h.validator.internal.util.Version     :21 [][] HV000001: Hibernate Validator 6.2.5.Final
2023-12-29 14:00:51.997 INFO [main] io.chou401.user.UserApplication         :638 [][] The following 1 profile is active: "dev"
2023-12-29 14:00:52.950 INFO [main] .s.d.r.c.RepositoryConfigurationDelegate:262 [][] Multiple Spring Data modules found, entering strict repository configuration mode
2023-12-29 14:00:52.953 INFO [main] .s.d.r.c.RepositoryConfigurationDelegate:132 [][] Bootstrapping Spring Data Redis repositories in DEFAULT mode.
2023-12-29 14:00:52.972 INFO [main] .s.d.r.c.RepositoryConfigurationDelegate:201 [][] Finished Spring Data repository scanning in 11 ms. Found 0 Redis repository interfaces.
2023-12-29 14:00:53.815 INFO [main] o.s.b.w.embedded.tomcat.TomcatWebServer :108 [][] Tomcat initialized with port(s): 8093 (http)
2023-12-29 14:00:53.819 INFO [main] o.a.coyote.http11.Http11NioProtocol     :173 [][] Initializing ProtocolHandler ["http-nio-8093"]
2023-12-29 14:00:53.819 INFO [main] o.apache.catalina.core.StandardService  :173 [][] Starting service [Tomcat]
2023-12-29 14:00:53.820 INFO [main] org.apache.catalina.core.StandardEngine :173 [][] Starting Servlet engine: [Apache Tomcat/9.0.83]
2023-12-29 14:00:53.946 INFO [main] o.a.c.c.C.[Tomcat].[localhost].[/api]   :173 [][] Initializing Spring embedded WebApplicationContext
2023-12-29 14:00:53.948 INFO [main] w.s.c.ServletWebServerApplicationContext:292 [][] Root WebApplicationContext: initialization completed in 1854 ms
2023-12-29 14:00:54.078 INFO [main] o.s.boot.web.servlet.RegistrationBean   :50 [][] Filter xssFilter was not registered (disabled)
2023-12-29 14:00:54.790 INFO [main] i.c.f.redis.CustomStringRedisSerializer :19 [][] redisKeyPrefix:boot
2023-12-29 14:00:54.934 INFO [main] i.c.f.s.impl.LoginRedisAppServiceImpl   :39 [][] loginAppProperties = LoginAppProperties(enable=true, singleLogin=false, tokenExpireDays=30, loginPermission=false, includePaths=[/app/**])
2023-12-29 14:00:54.935 INFO [main] i.c.f.s.impl.LoginRedisServiceImpl      :39 [][] loginAdminProperties = LoginAdminProperties(enable=true, singleLogin=false, tokenExpireMinutes=60, loginPermission=false, includePaths=[/admin/**], excludePaths=[/admin/login])
2023-12-29 14:00:54.977 INFO [main] io.chou401.framework.utils.IpRegionUtil :47 [][] 加载ip2region.xdb成功
2023-12-29 14:00:54.981 INFO [main] io.chou401.framework.utils.api.WxMpApi  :27 [][] wxMpProperties:WxMpProperties(appid=, secret=)
2023-12-29 14:00:54.992 INFO [main] i.c.framework.config.MybatisPlusConfig  :54 [][] merchantLineProperties:MerchantLineProperties(merchantIdColumn=merchant_id, includeTables=[demo_product])
2023-12-29 14:00:56.059 INFO [main] o.a.coyote.http11.Http11NioProtocol     :173 [][] Starting ProtocolHandler ["http-nio-8093"]
2023-12-29 14:00:56.085 INFO [main] o.s.b.w.embedded.tomcat.TomcatWebServer :220 [][] Tomcat started on port(s): 8093 (http) with context path '/api'
2023-12-29 14:00:56.102 INFO [main] io.chou401.user.UserApplication         :61 [][] Started UserApplication in 4.588 seconds (JVM running for 5.176)
2023-12-29 14:00:56.612 INFO [main] io.chou401.framework.runner.YitIdRunner :26 [][] YitId配置初始化完成，workerId：0
2023-12-29 14:01:04.722 INFO [http-nio-8093-exec-1] o.a.c.c.C.[Tomcat].[localhost].[/api]   :173 [][] Initializing Spring DispatcherServlet 'dispatcherServlet'
2023-12-29 14:01:04.723 INFO [http-nio-8093-exec-1] o.s.web.servlet.DispatcherServlet       :525 [][] Initializing Servlet 'dispatcherServlet'
2023-12-29 14:01:04.728 INFO [http-nio-8093-exec-1] o.s.web.servlet.DispatcherServlet       :547 [][] Completed initialization in 4 ms
2023-12-29 14:01:04.767ERROR [http-nio-8093-exec-1] i.c.f.exception.GlobalExceptionHandler  :72 [498455604150277][127.0.0.1] exception:

io.chou401.framework.exception.LoginTokenException: 请登录后再操作
	at io.chou401.framework.interceptor.login.LoginInterceptor.preHandleMethod(LoginInterceptor.java:52)
	at io.chou401.framework.interceptor.BaseExcludeMethodInterceptor.preHandle(BaseExcludeMethodInterceptor.java:24)
	at org.springframework.web.servlet.HandlerExecutionChain.applyPreHandle(HandlerExecutionChain.java:148)
	at org.springframework.web.servlet.DispatcherServlet.doDispatch(DispatcherServlet.java:1067)
	at org.springframework.web.servlet.DispatcherServlet.doService(DispatcherServlet.java:965)
	at org.springframework.web.servlet.FrameworkServlet.processRequest(FrameworkServlet.java:1006)
	at org.springframework.web.servlet.FrameworkServlet.doPost(FrameworkServlet.java:909)
	at jakarta.servlet.http.HttpServlet.service(HttpServlet.java:555)
	at org.springframework.web.servlet.FrameworkServlet.service(FrameworkServlet.java:883)
	at jakarta.servlet.http.HttpServlet.service(HttpServlet.java:623)
	at org.apache.catalina.core.ApplicationFilterChain.internalDoFilter(ApplicationFilterChain.java:209)
	at org.apache.catalina.core.ApplicationFilterChain.doFilter(ApplicationFilterChain.java:153)
	at org.apache.tomcat.websocket.server.WsFilter.doFilter(WsFilter.java:51)
	at org.apache.catalina.core.ApplicationFilterChain.internalDoFilter(ApplicationFilterChain.java:178)
	at org.apache.catalina.core.ApplicationFilterChain.doFilter(ApplicationFilterChain.java:153)
	at org.springframework.web.filter.CorsFilter.doFilterInternal(CorsFilter.java:91)
	at org.springframework.web.filter.OncePerRequestFilter.doFilter(OncePerRequestFilter.java:117)
	at org.apache.catalina.core.ApplicationFilterChain.internalDoFilter(ApplicationFilterChain.java:178)
	at org.apache.catalina.core.ApplicationFilterChain.doFilter(ApplicationFilterChain.java:153)
	at io.chou401.framework.filter.JsonRequestBodyFilter.doFilter(JsonRequestBodyFilter.java:44)
	at org.apache.catalina.core.ApplicationFilterChain.internalDoFilter(ApplicationFilterChain.java:178)
	at org.apache.catalina.core.ApplicationFilterChain.doFilter(ApplicationFilterChain.java:153)
	at io.chou401.framework.filter.TraceIdLogFilter.doFilter(TraceIdLogFilter.java:34)
	at org.apache.catalina.core.ApplicationFilterChain.internalDoFilter(ApplicationFilterChain.java:178)
	at org.apache.catalina.core.ApplicationFilterChain.doFilter(ApplicationFilterChain.java:153)
	at org.springframework.web.filter.RequestContextFilter.doFilterInternal(RequestContextFilter.java:100)
	at org.springframework.web.filter.OncePerRequestFilter.doFilter(OncePerRequestFilter.java:117)
	at org.apache.catalina.core.ApplicationFilterChain.internalDoFilter(ApplicationFilterChain.java:178)
	at org.apache.catalina.core.ApplicationFilterChain.doFilter(ApplicationFilterChain.java:153)
	at org.springframework.web.filter.FormContentFilter.doFilterInternal(FormContentFilter.java:93)
	at org.springframework.web.filter.OncePerRequestFilter.doFilter(OncePerRequestFilter.java:117)
	at org.apache.catalina.core.ApplicationFilterChain.internalDoFilter(ApplicationFilterChain.java:178)
	at org.apache.catalina.core.ApplicationFilterChain.doFilter(ApplicationFilterChain.java:153)
	at org.springframework.web.filter.CharacterEncodingFilter.doFilterInternal(CharacterEncodingFilter.java:201)
	at org.springframework.web.filter.OncePerRequestFilter.doFilter(OncePerRequestFilter.java:117)
	at org.apache.catalina.core.ApplicationFilterChain.internalDoFilter(ApplicationFilterChain.java:178)
	at org.apache.catalina.core.ApplicationFilterChain.doFilter(ApplicationFilterChain.java:153)
	at org.apache.catalina.core.StandardWrapperValve.invoke(StandardWrapperValve.java:168)
	at org.apache.catalina.core.StandardContextValve.invoke(StandardContextValve.java:90)
	at org.apache.catalina.authenticator.AuthenticatorBase.invoke(AuthenticatorBase.java:481)
	at org.apache.catalina.core.StandardHostValve.invoke(StandardHostValve.java:130)
	at org.apache.catalina.valves.ErrorReportValve.invoke(ErrorReportValve.java:93)
	at org.apache.catalina.core.StandardEngineValve.invoke(StandardEngineValve.java:74)
	at org.apache.catalina.connector.CoyoteAdapter.service(CoyoteAdapter.java:342)
	at org.apache.coyote.http11.Http11Processor.service(Http11Processor.java:390)
	at org.apache.coyote.AbstractProcessorLight.process(AbstractProcessorLight.java:63)
	at org.apache.coyote.AbstractProtocol$ConnectionHandler.process(AbstractProtocol.java:928)
	at org.apache.tomcat.util.net.NioEndpoint$SocketProcessor.doRun(NioEndpoint.java:1794)
	at org.apache.tomcat.util.net.SocketProcessorBase.run(SocketProcessorBase.java:52)
	at org.apache.tomcat.util.threads.ThreadPoolExecutor.runWorker(ThreadPoolExecutor.java:1191)
	at org.apache.tomcat.util.threads.ThreadPoolExecutor$Worker.run(ThreadPoolExecutor.java:659)
	at org.apache.tomcat.util.threads.TaskThread$WrappingRunnable.run(TaskThread.java:61)
	at java.lang.Thread.run(Thread.java:750)

